<?xml version="1.0" encoding="UTF-8"?>
<testsuite name="com.xuanwu.demo.SQLTest" tests="1" skipped="0" failures="0" errors="0" timestamp="2023-03-06T01:48:18" hostname="bogon" time="0.018">
  <properties/>
  <testcase name="test01()" classname="com.xuanwu.demo.SQLTest" time="0.018"/>
  <system-out><![CDATA[=================================================
CREATE TABLE `saga_user` (
	`id` bigint(10) DEFAULT 1 PRIMARY KEY NOT NULL COMMENT '主键'
);
=================================================
CREATE TABLE "saga_user" (
	"id" VARCHAR2(50) DEFAULT 1 PRIMARY KEY NOT NULL
);
COMMENT ON COLUMN "saga_user"."id" IS '主键';
=================================================
CREATE TABLE [saga_user] (
	[id] int DEFAULT 1 PRIMARY KEY NOT NULL
);
EXEC sp_addextendedproperty
'MS_Description', N'主键',
'SCHEMA', N'dbo',
'TABLE', N'saga_user',
'COLUMN', N'id';
]]></system-out>
  <system-err><![CDATA[]]></system-err>
</testsuite>
